/!\ FAILSAFE /!\  2014-07-02 18:03:20 +0530
  Status: 500 Internal Server Error
  cannot load such file -- sqlite3
    /Users/user/.rvm/rubies/ruby-1.9.3-p484/lib/ruby/site_ruby/1.9.1/rubygems/custom_require.rb:36:in `require'
    /Users/user/.rvm/rubies/ruby-1.9.3-p484/lib/ruby/site_ruby/1.9.1/rubygems/custom_require.rb:36:in `require'
    /Users/user/.rvm/gems/ruby-1.9.3-p484/gems/activesupport-2.3.18/lib/active_support/dependencies.rb:182:in `block in require'
    /Users/user/.rvm/gems/ruby-1.9.3-p484/gems/activesupport-2.3.18/lib/active_support/dependencies.rb:547:in `new_constants_in'
    /Users/user/.rvm/gems/ruby-1.9.3-p484/gems/activesupport-2.3.18/lib/active_support/dependencies.rb:182:in `require'
    /Users/user/.rvm/gems/ruby-1.9.3-p484/gems/activesupport-2.3.18/lib/active_support/core_ext/kernel/requires.rb:7:in `block in require_library_or_gem'
    /Users/user/.rvm/gems/ruby-1.9.3-p484/gems/activesupport-2.3.18/lib/active_support/core_ext/kernel/reporting.rb:11:in `silence_warnings'
    /Users/user/.rvm/gems/ruby-1.9.3-p484/gems/activesupport-2.3.18/lib/active_support/core_ext/kernel/requires.rb:5:in `require_library_or_gem'
    /Users/user/.rvm/gems/ruby-1.9.3-p484/gems/activerecord-2.3.18/lib/active_record/connection_adapters/sqlite3_adapter.rb:10:in `sqlite3_connection'
    /Users/user/.rvm/gems/ruby-1.9.3-p484/gems/activerecord-2.3.18/lib/active_record/connection_adapters/abstract/connection_pool.rb:223:in `new_connection'
    /Users/user/.rvm/gems/ruby-1.9.3-p484/gems/activerecord-2.3.18/lib/active_record/connection_adapters/abstract/connection_pool.rb:245:in `checkout_new_connection'
    /Users/user/.rvm/gems/ruby-1.9.3-p484/gems/activerecord-2.3.18/lib/active_record/connection_adapters/abstract/connection_pool.rb:188:in `block (2 levels) in checkout'
    /Users/user/.rvm/gems/ruby-1.9.3-p484/gems/activerecord-2.3.18/lib/active_record/connection_adapters/abstract/connection_pool.rb:184:in `loop'
    /Users/user/.rvm/gems/ruby-1.9.3-p484/gems/activerecord-2.3.18/lib/active_record/connection_adapters/abstract/connection_pool.rb:184:in `block in checkout'
    /Users/user/.rvm/rubies/ruby-1.9.3-p484/lib/ruby/1.9.1/monitor.rb:211:in `mon_synchronize'
    /Users/user/.rvm/gems/ruby-1.9.3-p484/gems/activerecord-2.3.18/lib/active_record/connection_adapters/abstract/connection_pool.rb:183:in `checkout'
    /Users/user/.rvm/gems/ruby-1.9.3-p484/gems/activerecord-2.3.18/lib/active_record/connection_adapters/abstract/connection_pool.rb:98:in `connection'
    /Users/user/.rvm/gems/ruby-1.9.3-p484/gems/activerecord-2.3.18/lib/active_record/connection_adapters/abstract/connection_pool.rb:326:in `retrieve_connection'
    /Users/user/.rvm/gems/ruby-1.9.3-p484/gems/activerecord-2.3.18/lib/active_record/connection_adapters/abstract/connection_specification.rb:123:in `retrieve_connection'
    /Users/user/.rvm/gems/ruby-1.9.3-p484/gems/activerecord-2.3.18/lib/active_record/connection_adapters/abstract/connection_specification.rb:115:in `connection'
    /Users/user/.rvm/gems/ruby-1.9.3-p484/gems/activerecord-2.3.18/lib/active_record/query_cache.rb:9:in `cache'
    /Users/user/.rvm/gems/ruby-1.9.3-p484/gems/activerecord-2.3.18/lib/active_record/query_cache.rb:28:in `call'
    /Users/user/.rvm/gems/ruby-1.9.3-p484/gems/activerecord-2.3.18/lib/active_record/connection_adapters/abstract/connection_pool.rb:361:in `call'
    /Users/user/.rvm/gems/ruby-1.9.3-p484/gems/actionpack-2.3.18/lib/action_controller/string_coercion.rb:25:in `call'
    /Users/user/.rvm/gems/ruby-1.9.3-p484/gems/rack-1.1.6/lib/rack/head.rb:9:in `call'
    /Users/user/.rvm/gems/ruby-1.9.3-p484/gems/rack-1.1.6/lib/rack/methodoverride.rb:24:in `call'
    /Users/user/.rvm/gems/ruby-1.9.3-p484/gems/actionpack-2.3.18/lib/action_controller/params_parser.rb:15:in `call'
    /Users/user/.rvm/gems/ruby-1.9.3-p484/gems/actionpack-2.3.18/lib/action_controller/session/cookie_store.rb:99:in `call'
    /Users/user/.rvm/gems/ruby-1.9.3-p484/gems/actionpack-2.3.18/lib/action_controller/failsafe.rb:26:in `call'
    /Users/user/.rvm/gems/ruby-1.9.3-p484/gems/rack-1.1.6/lib/rack/lock.rb:11:in `block in call'
    <internal:prelude>:10:in `synchronize'
    /Users/user/.rvm/gems/ruby-1.9.3-p484/gems/rack-1.1.6/lib/rack/lock.rb:11:in `call'
    /Users/user/.rvm/gems/ruby-1.9.3-p484/gems/actionpack-2.3.18/lib/action_controller/dispatcher.rb:114:in `block in call'
    /Users/user/.rvm/gems/ruby-1.9.3-p484/gems/actionpack-2.3.18/lib/action_controller/reloader.rb:34:in `run'
    /Users/user/.rvm/gems/ruby-1.9.3-p484/gems/actionpack-2.3.18/lib/action_controller/dispatcher.rb:108:in `call'
    /Users/user/.rvm/gems/ruby-1.9.3-p484/gems/rails-2.3.18/lib/rails/rack/static.rb:31:in `call'
    /Users/user/.rvm/gems/ruby-1.9.3-p484/gems/rack-1.1.6/lib/rack/urlmap.rb:47:in `block in call'
    /Users/user/.rvm/gems/ruby-1.9.3-p484/gems/rack-1.1.6/lib/rack/urlmap.rb:41:in `each'
    /Users/user/.rvm/gems/ruby-1.9.3-p484/gems/rack-1.1.6/lib/rack/urlmap.rb:41:in `call'
    /Users/user/.rvm/gems/ruby-1.9.3-p484/gems/rails-2.3.18/lib/rails/rack/log_tailer.rb:17:in `call'
    /Users/user/.rvm/gems/ruby-1.9.3-p484/gems/rack-1.1.6/lib/rack/content_length.rb:13:in `call'
    /Users/user/.rvm/gems/ruby-1.9.3-p484/gems/rack-1.1.6/lib/rack/handler/webrick.rb:48:in `service'
    /Users/user/.rvm/rubies/ruby-1.9.3-p484/lib/ruby/1.9.1/webrick/httpserver.rb:138:in `service'
    /Users/user/.rvm/rubies/ruby-1.9.3-p484/lib/ruby/1.9.1/webrick/httpserver.rb:94:in `run'
    /Users/user/.rvm/rubies/ruby-1.9.3-p484/lib/ruby/1.9.1/webrick/server.rb:191:in `block in start_thread'


Processing Rails::InfoController#properties (for 127.0.0.1 at 2014-07-02 18:23:31) [GET]
  [4;36;1mSQL (0.8ms)[0m   [0;1m SELECT name
 FROM sqlite_master
 WHERE type = 'table' AND NOT name = 'sqlite_sequence'
[0m
Completed in 120ms (View: 32, DB: 1) | 200 OK [http://localhost/rails/info/properties]
  [4;36;1mSQL (0.2ms)[0m   [0;1m SELECT name
 FROM sqlite_master
 WHERE type = 'table' AND NOT name = 'sqlite_sequence'
[0m
  [4;35;1mSQL (14.6ms)[0m   [0mselect sqlite_version(*)[0m
  [4;36;1mSQL (1.2ms)[0m   [0;1mCREATE TABLE "schema_migrations" ("version" varchar(255) NOT NULL) [0m
  [4;35;1mSQL (0.0ms)[0m   [0mPRAGMA index_list("schema_migrations")[0m
  [4;36;1mSQL (1.4ms)[0m   [0;1mCREATE UNIQUE INDEX "unique_schema_migrations" ON "schema_migrations" ("version")[0m
  [4;35;1mSQL (0.2ms)[0m   [0m SELECT name
 FROM sqlite_master
 WHERE type = 'table' AND NOT name = 'sqlite_sequence'
[0m
  [4;36;1mSQL (0.2ms)[0m   [0;1m SELECT name
 FROM sqlite_master
 WHERE type = 'table' AND NOT name = 'sqlite_sequence'
[0m
  [4;35;1mSQL (0.1ms)[0m   [0mSELECT version FROM schema_migrations[0m
  [4;36;1mSQL (0.1ms)[0m   [0;1m SELECT name
 FROM sqlite_master
 WHERE type = 'table' AND NOT name = 'sqlite_sequence'
[0m
  [4;36;1mSQL (0.3ms)[0m   [0;1m SELECT name
 FROM sqlite_master
 WHERE type = 'table' AND NOT name = 'sqlite_sequence'
[0m
  [4;35;1mSQL (0.1ms)[0m   [0mselect sqlite_version(*)[0m
  [4;36;1mSQL (0.1ms)[0m   [0;1m SELECT name
 FROM sqlite_master
 WHERE type = 'table' AND NOT name = 'sqlite_sequence'
[0m
  [4;35;1mSQL (0.1ms)[0m   [0mSELECT version FROM schema_migrations[0m
  [4;36;1mSQL (0.1ms)[0m   [0;1m SELECT name
 FROM sqlite_master
 WHERE type = 'table' AND NOT name = 'sqlite_sequence'
[0m


Processing Rails::InfoController#properties (for 127.0.0.1 at 2014-07-02 18:25:34) [GET]
  [4;36;1mSQL (0.5ms)[0m   [0;1m SELECT name
 FROM sqlite_master
 WHERE type = 'table' AND NOT name = 'sqlite_sequence'
[0m
  [4;35;1mSQL (0.1ms)[0m   [0mSELECT version FROM schema_migrations[0m
Completed in 12ms (View: 2, DB: 1) | 200 OK [http://0.0.0.0/rails/info/properties]


Processing Rails::InfoController#properties (for 127.0.0.1 at 2014-07-02 18:25:45) [GET]
  [4;36;1mSQL (0.5ms)[0m   [0;1m SELECT name
 FROM sqlite_master
 WHERE type = 'table' AND NOT name = 'sqlite_sequence'
[0m
  [4;35;1mSQL (0.3ms)[0m   [0mSELECT version FROM schema_migrations[0m
Completed in 14ms (View: 1, DB: 1) | 200 OK [http://localhost/rails/info/properties]


Processing Rails::InfoController#properties (for 127.0.0.1 at 2014-07-02 18:25:54) [GET]
  [4;36;1mSQL (0.3ms)[0m   [0;1m SELECT name
 FROM sqlite_master
 WHERE type = 'table' AND NOT name = 'sqlite_sequence'
[0m
  [4;35;1mSQL (0.1ms)[0m   [0mSELECT version FROM schema_migrations[0m
Completed in 7ms (View: 1, DB: 0) | 200 OK [http://localhost/rails/info/properties]


Processing Rails::InfoController#properties (for 127.0.0.1 at 2014-07-03 09:41:10) [GET]
  [4;36;1mSQL (10.1ms)[0m   [0;1m SELECT name
 FROM sqlite_master
 WHERE type = 'table' AND NOT name = 'sqlite_sequence'
[0m
  [4;35;1mSQL (0.3ms)[0m   [0mSELECT version FROM schema_migrations[0m
Completed in 87ms (View: 16, DB: 10) | 200 OK [http://0.0.0.0/rails/info/properties]
  [4;36;1mSQL (14.7ms)[0m   [0;1m SELECT name
 FROM sqlite_master
 WHERE type = 'table' AND NOT name = 'sqlite_sequence'
[0m
  [4;35;1mSQL (0.2ms)[0m   [0mSELECT version FROM schema_migrations[0m
Migrating to CreateUsers (20140703053726)
  [4;36;1mSQL (15.0ms)[0m   [0;1mselect sqlite_version(*)[0m
  [4;35;1mSQL (0.8ms)[0m   [0mCREATE TABLE "users" ("id" INTEGER PRIMARY KEY AUTOINCREMENT NOT NULL, "name" varchar(255), "email" varchar(255), "created_at" datetime, "updated_at" datetime) [0m
  [4;36;1mSQL (0.1ms)[0m   [0;1mINSERT INTO schema_migrations (version) VALUES ('20140703053726')[0m
  [4;35;1mSQL (0.2ms)[0m   [0m SELECT name
 FROM sqlite_master
 WHERE type = 'table' AND NOT name = 'sqlite_sequence'
[0m
  [4;36;1mSQL (0.1ms)[0m   [0;1mSELECT version FROM schema_migrations[0m
  [4;35;1mSQL (0.1ms)[0m   [0m SELECT name
 FROM sqlite_master
 WHERE type = 'table' AND NOT name = 'sqlite_sequence'
[0m
  [4;36;1mSQL (0.0ms)[0m   [0;1mPRAGMA index_list("users")[0m


Processing UsersController#index (for 127.0.0.1 at 2014-07-03 11:10:51) [GET]
  [4;36;1mUser Load (0.4ms)[0m   [0;1mSELECT * FROM "users" [0m
Rendering template within layouts/users
Rendering users/index
Completed in 30ms (View: 26, DB: 0) | 200 OK [http://localhost/users]


Processing UsersController#new (for 127.0.0.1 at 2014-07-03 11:10:57) [GET]
Rendering template within layouts/users
Rendering users/new
Completed in 55ms (View: 50, DB: 0) | 200 OK [http://localhost/users/new]


Processing UsersController#show (for 127.0.0.1 at 2014-07-03 11:12:42) [GET]
  Parameters: {"id"=>"1"}
  [4;35;1mUser Load (0.3ms)[0m   [0mSELECT * FROM "users" WHERE ("users"."id" = 1) [0m

ActiveRecord::RecordNotFound (Couldn't find User with ID=1):
  app/controllers/users_controller.rb:16:in `show'
  <internal:prelude>:10:in `synchronize'
  /Users/user/.rvm/rubies/ruby-1.9.3-p484/lib/ruby/1.9.1/webrick/httpserver.rb:138:in `service'
  /Users/user/.rvm/rubies/ruby-1.9.3-p484/lib/ruby/1.9.1/webrick/httpserver.rb:94:in `run'
  /Users/user/.rvm/rubies/ruby-1.9.3-p484/lib/ruby/1.9.1/webrick/server.rb:191:in `block in start_thread'

Rendered rescues/_trace (9.9ms)
Rendered rescues/_request_and_response (47.9ms)
Rendering rescues/layout (not_found)


Processing UsersController#new (for 127.0.0.1 at 2014-07-03 11:12:49) [GET]
Rendering template within layouts/users
Rendering users/new
Completed in 11ms (View: 6, DB: 0) | 200 OK [http://localhost/users/new]


Processing UsersController#create (for 127.0.0.1 at 2014-07-03 11:12:56) [POST]
  Parameters: {"authenticity_token"=>"PbWn5JNHgrjAiLQvIT2vV+4QMjct274maOg6c0p1ZLQ=", "user"=>{"name"=>"kavin", "email"=>"kavinmb1@gmail.com"}, "commit"=>"Create"}
  [4;36;1mUser Create (0.3ms)[0m   [0;1mINSERT INTO "users" ("name", "email", "created_at", "updated_at") VALUES('kavin', 'kavinmb1@gmail.com', '2014-07-03 05:42:56', '2014-07-03 05:42:56')[0m
Redirected to http://localhost:3000/users/1
Completed in 10ms (DB: 0) | 302 Found [http://localhost/users]


Processing UsersController#show (for 127.0.0.1 at 2014-07-03 11:12:56) [GET]
  Parameters: {"id"=>"1"}
  [4;35;1mUser Load (0.2ms)[0m   [0mSELECT * FROM "users" WHERE ("users"."id" = 1) [0m
Rendering template within layouts/users
Rendering users/show
Completed in 17ms (View: 9, DB: 0) | 200 OK [http://localhost/users/1]


Processing UsersController#show (for 127.0.0.1 at 2014-07-03 11:13:00) [GET]
  Parameters: {"id"=>"1"}
  [4;36;1mUser Load (0.2ms)[0m   [0;1mSELECT * FROM "users" WHERE ("users"."id" = 1) [0m
Rendering template within layouts/users
Rendering users/show
Completed in 7ms (View: 2, DB: 0) | 200 OK [http://localhost/users/1]


Processing UsersController#edit (for 127.0.0.1 at 2014-07-03 11:13:15) [GET]
  Parameters: {"id"=>"1"}
  [4;35;1mUser Load (0.2ms)[0m   [0mSELECT * FROM "users" WHERE ("users"."id" = 1) [0m
Rendering template within layouts/users
Rendering users/edit
Completed in 21ms (View: 14, DB: 0) | 200 OK [http://localhost/users/1/edit]


Processing UsersController#update (for 127.0.0.1 at 2014-07-03 11:13:22) [PUT]
  Parameters: {"authenticity_token"=>"PbWn5JNHgrjAiLQvIT2vV+4QMjct274maOg6c0p1ZLQ=", "user"=>{"name"=>"kavin", "email"=>"kavinmb1@gmail.com"}, "commit"=>"Update", "id"=>"1"}
  [4;36;1mUser Load (0.1ms)[0m   [0;1mSELECT * FROM "users" WHERE ("users"."id" = 1) [0m
Redirected to http://localhost:3000/users/1
Completed in 7ms (DB: 0) | 302 Found [http://localhost/users/1]


Processing UsersController#show (for 127.0.0.1 at 2014-07-03 11:13:22) [GET]
  Parameters: {"id"=>"1"}
  [4;35;1mUser Load (0.3ms)[0m   [0mSELECT * FROM "users" WHERE ("users"."id" = 1) [0m
Rendering template within layouts/users
Rendering users/show
Completed in 23ms (View: 2, DB: 0) | 200 OK [http://localhost/users/1]


Processing UsersController#edit (for 127.0.0.1 at 2014-07-03 11:13:36) [GET]
  Parameters: {"id"=>"1"}
  [4;36;1mUser Load (0.1ms)[0m   [0;1mSELECT * FROM "users" WHERE ("users"."id" = 1) [0m
Rendering template within layouts/users
Rendering users/edit
Completed in 11ms (View: 7, DB: 0) | 200 OK [http://localhost/users/1/edit]


Processing UsersController#show (for 127.0.0.1 at 2014-07-03 11:13:40) [GET]
  Parameters: {"id"=>"1"}
  [4;35;1mUser Load (0.1ms)[0m   [0mSELECT * FROM "users" WHERE ("users"."id" = 1) [0m
Rendering template within layouts/users
Rendering users/show
Completed in 7ms (View: 2, DB: 0) | 200 OK [http://localhost/users/1]


Processing UsersController#new (for 127.0.0.1 at 2014-07-03 11:13:48) [GET]
Rendering template within layouts/users
Rendering users/new
Completed in 11ms (View: 6, DB: 0) | 200 OK [http://localhost/users/new]


Processing UsersController#create (for 127.0.0.1 at 2014-07-03 11:13:57) [POST]
  Parameters: {"authenticity_token"=>"PbWn5JNHgrjAiLQvIT2vV+4QMjct274maOg6c0p1ZLQ=", "user"=>{"name"=>"balaji", "email"=>"balaji@"}, "commit"=>"Create"}
  [4;36;1mUser Create (0.2ms)[0m   [0;1mINSERT INTO "users" ("name", "email", "created_at", "updated_at") VALUES('balaji', 'balaji@', '2014-07-03 05:43:57', '2014-07-03 05:43:57')[0m
Redirected to http://localhost:3000/users/2
Completed in 140ms (DB: 0) | 302 Found [http://localhost/users]


Processing UsersController#show (for 127.0.0.1 at 2014-07-03 11:13:57) [GET]
  Parameters: {"id"=>"2"}
  [4;35;1mUser Load (0.1ms)[0m   [0mSELECT * FROM "users" WHERE ("users"."id" = 2) [0m
Rendering template within layouts/users
Rendering users/show
Completed in 7ms (View: 2, DB: 0) | 200 OK [http://localhost/users/2]


Processing UsersController#index (for 127.0.0.1 at 2014-07-03 11:14:19) [GET]
  [4;36;1mUser Load (0.3ms)[0m   [0;1mSELECT * FROM "users" [0m
Rendering template within layouts/users
Rendering users/index
Completed in 8ms (View: 5, DB: 0) | 200 OK [http://localhost/users/]


Processing UsersController#show (for 127.0.0.1 at 2014-07-03 11:14:56) [GET]
  Parameters: {"id"=>"2"}
  [4;35;1mUser Load (0.3ms)[0m   [0mSELECT * FROM "users" WHERE ("users"."id" = 2) [0m
Rendering template within layouts/users
Rendering users/show
Completed in 10ms (View: 3, DB: 0) | 200 OK [http://localhost/users/2]


Processing UsersController#index (for 127.0.0.1 at 2014-07-03 11:15:42) [GET]
  [4;36;1mUser Load (0.6ms)[0m   [0;1mSELECT * FROM "users" [0m
Rendering template within layouts/users
Rendering users/index
Completed in 15ms (View: 9, DB: 1) | 200 OK [http://localhost/users]


Processing UsersController#edit (for 127.0.0.1 at 2014-07-03 11:15:47) [GET]
  Parameters: {"id"=>"2"}
  [4;35;1mUser Load (0.1ms)[0m   [0mSELECT * FROM "users" WHERE ("users"."id" = 2) [0m
Rendering template within layouts/users
Rendering users/edit
Completed in 11ms (View: 6, DB: 0) | 200 OK [http://localhost/users/2/edit]


Processing UsersController#update (for 127.0.0.1 at 2014-07-03 11:15:56) [PUT]
  Parameters: {"authenticity_token"=>"PbWn5JNHgrjAiLQvIT2vV+4QMjct274maOg6c0p1ZLQ=", "user"=>{"name"=>"juyt", "email"=>"khg"}, "commit"=>"Update", "id"=>"2"}
  [4;36;1mUser Load (0.2ms)[0m   [0;1mSELECT * FROM "users" WHERE ("users"."id" = 2) [0m
  [4;35;1mUser Update (0.3ms)[0m   [0mUPDATE "users" SET "name" = 'juyt', "email" = 'khg', "updated_at" = '2014-07-03 05:45:56' WHERE "id" = 2[0m
Redirected to http://localhost:3000/users/2
Completed in 32ms (DB: 1) | 302 Found [http://localhost/users/2]


Processing UsersController#show (for 127.0.0.1 at 2014-07-03 11:15:56) [GET]
  Parameters: {"id"=>"2"}
  [4;36;1mUser Load (0.1ms)[0m   [0;1mSELECT * FROM "users" WHERE ("users"."id" = 2) [0m
Rendering template within layouts/users
Rendering users/show
Completed in 27ms (View: 2, DB: 0) | 200 OK [http://localhost/users/2]


Processing UsersController#index (for 127.0.0.1 at 2014-07-03 11:16:02) [GET]
  [4;35;1mUser Load (0.4ms)[0m   [0mSELECT * FROM "users" [0m
Rendering template within layouts/users
Rendering users/index
Completed in 9ms (View: 5, DB: 0) | 200 OK [http://localhost/users/]


Processing UsersController#show (for 127.0.0.1 at 2014-07-03 11:16:07) [GET]
  Parameters: {"id"=>"2"}
  [4;36;1mUser Load (0.1ms)[0m   [0;1mSELECT * FROM "users" WHERE ("users"."id" = 2) [0m
Rendering template within layouts/users
Rendering users/show
Completed in 6ms (View: 2, DB: 0) | 200 OK [http://localhost/users/2]


Processing UsersController#edit (for 127.0.0.1 at 2014-07-03 11:16:08) [GET]
  Parameters: {"id"=>"2"}
  [4;35;1mUser Load (0.2ms)[0m   [0mSELECT * FROM "users" WHERE ("users"."id" = 2) [0m
Rendering template within layouts/users
Rendering users/edit
Completed in 12ms (View: 6, DB: 0) | 200 OK [http://localhost/users/2/edit]


Processing UsersController#update (for 127.0.0.1 at 2014-07-03 11:16:21) [PUT]
  Parameters: {"authenticity_token"=>"PbWn5JNHgrjAiLQvIT2vV+4QMjct274maOg6c0p1ZLQ=", "user"=>{"name"=>"balaji", "email"=>"balaji@gmail.com"}, "commit"=>"Update", "id"=>"2"}
  [4;36;1mUser Load (0.1ms)[0m   [0;1mSELECT * FROM "users" WHERE ("users"."id" = 2) [0m
  [4;35;1mUser Update (0.2ms)[0m   [0mUPDATE "users" SET "name" = 'balaji', "email" = 'balaji@gmail.com', "updated_at" = '2014-07-03 05:46:21' WHERE "id" = 2[0m
Redirected to http://localhost:3000/users/2
Completed in 8ms (DB: 0) | 302 Found [http://localhost/users/2]


Processing UsersController#show (for 127.0.0.1 at 2014-07-03 11:16:21) [GET]
  Parameters: {"id"=>"2"}
  [4;36;1mUser Load (0.1ms)[0m   [0;1mSELECT * FROM "users" WHERE ("users"."id" = 2) [0m
Rendering template within layouts/users
Rendering users/show
Completed in 6ms (View: 2, DB: 0) | 200 OK [http://localhost/users/2]


Processing UsersController#index (for 127.0.0.1 at 2014-07-03 11:16:22) [GET]
  [4;35;1mUser Load (0.5ms)[0m   [0mSELECT * FROM "users" [0m
Rendering template within layouts/users
Rendering users/index
Completed in 9ms (View: 5, DB: 0) | 200 OK [http://localhost/users]


Processing UsersController#show (for 127.0.0.1 at 2014-07-03 12:08:03) [GET]
  Parameters: {"id"=>"destroy"}
  [4;36;1mUser Load (0.1ms)[0m   [0;1mSELECT * FROM "users" WHERE ("users"."id" = 0) [0m

ActiveRecord::RecordNotFound (Couldn't find User with ID=destroy):
  app/controllers/users_controller.rb:16:in `show'
  <internal:prelude>:10:in `synchronize'
  /Users/user/.rvm/rubies/ruby-1.9.3-p484/lib/ruby/1.9.1/webrick/httpserver.rb:138:in `service'
  /Users/user/.rvm/rubies/ruby-1.9.3-p484/lib/ruby/1.9.1/webrick/httpserver.rb:94:in `run'
  /Users/user/.rvm/rubies/ruby-1.9.3-p484/lib/ruby/1.9.1/webrick/server.rb:191:in `block in start_thread'

Rendered rescues/_trace (8.9ms)
Rendered rescues/_request_and_response (0.3ms)
Rendering rescues/layout (not_found)


Processing UsersController#edit (for 127.0.0.1 at 2014-07-03 12:08:11) [GET]
  Parameters: {"id"=>"1"}
  [4;35;1mUser Load (0.1ms)[0m   [0mSELECT * FROM "users" WHERE ("users"."id" = 1) [0m
Rendering template within layouts/users
Rendering users/edit
Completed in 11ms (View: 7, DB: 0) | 200 OK [http://localhost/users/1/edit]


Processing UsersController#1 (for 127.0.0.1 at 2014-07-03 12:08:16) [GET]
  Parameters: {"id"=>"destroy"}

ActionController::UnknownAction (No action responded to 1. Actions: create, destroy, edit, index, new, show, and update):
  <internal:prelude>:10:in `synchronize'
  /Users/user/.rvm/rubies/ruby-1.9.3-p484/lib/ruby/1.9.1/webrick/httpserver.rb:138:in `service'
  /Users/user/.rvm/rubies/ruby-1.9.3-p484/lib/ruby/1.9.1/webrick/httpserver.rb:94:in `run'
  /Users/user/.rvm/rubies/ruby-1.9.3-p484/lib/ruby/1.9.1/webrick/server.rb:191:in `block in start_thread'

Rendering rescues/layout (not_found)


Processing UsersController#1 (for 127.0.0.1 at 2014-07-03 12:08:34) [GET]
  Parameters: {"id"=>"destroy"}

ActionController::UnknownAction (No action responded to 1. Actions: create, destroy, edit, index, new, show, and update):
  <internal:prelude>:10:in `synchronize'
  /Users/user/.rvm/rubies/ruby-1.9.3-p484/lib/ruby/1.9.1/webrick/httpserver.rb:138:in `service'
  /Users/user/.rvm/rubies/ruby-1.9.3-p484/lib/ruby/1.9.1/webrick/httpserver.rb:94:in `run'
  /Users/user/.rvm/rubies/ruby-1.9.3-p484/lib/ruby/1.9.1/webrick/server.rb:191:in `block in start_thread'

Rendering rescues/layout (not_found)


Processing UsersController#index (for 127.0.0.1 at 2014-07-03 12:08:40) [GET]
  [4;36;1mUser Load (0.4ms)[0m   [0;1mSELECT * FROM "users" [0m
Rendering template within layouts/users
Rendering users/index
Completed in 8ms (View: 5, DB: 0) | 200 OK [http://localhost/users/]


Processing UsersController#destroy (for 127.0.0.1 at 2014-07-03 12:08:49) [DELETE]
  Parameters: {"authenticity_token"=>"PbWn5JNHgrjAiLQvIT2vV+4QMjct274maOg6c0p1ZLQ=", "id"=>"2"}
  [4;35;1mUser Load (0.3ms)[0m   [0mSELECT * FROM "users" WHERE ("users"."id" = 2) [0m
  [4;36;1mUser Destroy (0.3ms)[0m   [0;1mDELETE FROM "users" WHERE "id" = 2[0m
Redirected to http://localhost:3000/users
Completed in 9ms (DB: 1) | 302 Found [http://localhost/users/2]


Processing UsersController#index (for 127.0.0.1 at 2014-07-03 12:08:49) [GET]
  [4;35;1mUser Load (0.3ms)[0m   [0mSELECT * FROM "users" [0m
Rendering template within layouts/users
Rendering users/index
Completed in 8ms (View: 4, DB: 0) | 200 OK [http://localhost/users]


Processing UsersController#new (for 127.0.0.1 at 2014-07-03 12:08:51) [GET]
Rendering template within layouts/users
Rendering users/new
Completed in 27ms (View: 6, DB: 0) | 200 OK [http://localhost/users/new]


Processing UsersController#create (for 127.0.0.1 at 2014-07-03 12:09:00) [POST]
  Parameters: {"authenticity_token"=>"PbWn5JNHgrjAiLQvIT2vV+4QMjct274maOg6c0p1ZLQ=", "user"=>{"name"=>"balaji", "email"=>"balaji@gmail.com"}, "commit"=>"Create"}
  [4;36;1mUser Create (0.3ms)[0m   [0;1mINSERT INTO "users" ("name", "email", "created_at", "updated_at") VALUES('balaji', 'balaji@gmail.com', '2014-07-03 06:39:00', '2014-07-03 06:39:00')[0m
Redirected to http://localhost:3000/users/3
Completed in 8ms (DB: 0) | 302 Found [http://localhost/users]


Processing UsersController#show (for 127.0.0.1 at 2014-07-03 12:09:00) [GET]
  Parameters: {"id"=>"3"}
  [4;35;1mUser Load (0.1ms)[0m   [0mSELECT * FROM "users" WHERE ("users"."id" = 3) [0m
Rendering template within layouts/users
Rendering users/show
Completed in 7ms (View: 2, DB: 0) | 200 OK [http://localhost/users/3]


Processing UsersController#edit (for 127.0.0.1 at 2014-07-03 12:09:02) [GET]
  Parameters: {"id"=>"3"}
  [4;36;1mUser Load (0.2ms)[0m   [0;1mSELECT * FROM "users" WHERE ("users"."id" = 3) [0m
Rendering template within layouts/users
Rendering users/edit
Completed in 11ms (View: 7, DB: 0) | 200 OK [http://localhost/users/3/edit]


Processing UsersController#show (for 127.0.0.1 at 2014-07-03 12:09:04) [GET]
  Parameters: {"id"=>"3"}
  [4;35;1mUser Load (0.1ms)[0m   [0mSELECT * FROM "users" WHERE ("users"."id" = 3) [0m
Rendering template within layouts/users
Rendering users/show
Completed in 7ms (View: 2, DB: 0) | 200 OK [http://localhost/users/3]


Processing UsersController#index (for 127.0.0.1 at 2014-07-03 12:09:07) [GET]
  [4;36;1mUser Load (0.4ms)[0m   [0;1mSELECT * FROM "users" [0m
Rendering template within layouts/users
Rendering users/index
Completed in 8ms (View: 4, DB: 0) | 200 OK [http://localhost/users]


Processing UsersController#show (for 127.0.0.1 at 2014-07-03 12:09:22) [GET]
  Parameters: {"id"=>"3"}
  [4;35;1mUser Load (0.2ms)[0m   [0mSELECT * FROM "users" WHERE ("users"."id" = 3) [0m
Rendering template within layouts/users
Rendering users/show
Completed in 8ms (View: 3, DB: 0) | 200 OK [http://localhost/users/3]
  [4;36;1mSQL (0.9ms)[0m   [0;1m SELECT name
 FROM sqlite_master
 WHERE type = 'table' AND NOT name = 'sqlite_sequence'
[0m
  [4;35;1mSQL (0.3ms)[0m   [0mSELECT version FROM schema_migrations[0m
Migrating to CreateUsers (20140703053726)
Migrating to CreateMicroposts (20140703084131)
  [4;36;1mSQL (0.1ms)[0m   [0;1mselect sqlite_version(*)[0m
  [4;35;1mSQL (0.4ms)[0m   [0mCREATE TABLE "microposts" ("id" INTEGER PRIMARY KEY AUTOINCREMENT NOT NULL, "content" varchar(255), "user_id" integer, "created_at" datetime, "updated_at" datetime) [0m
  [4;36;1mSQL (0.2ms)[0m   [0;1mINSERT INTO schema_migrations (version) VALUES ('20140703084131')[0m
  [4;35;1mSQL (0.2ms)[0m   [0m SELECT name
 FROM sqlite_master
 WHERE type = 'table' AND NOT name = 'sqlite_sequence'
[0m
  [4;36;1mSQL (0.1ms)[0m   [0;1mSELECT version FROM schema_migrations[0m
  [4;35;1mSQL (0.1ms)[0m   [0m SELECT name
 FROM sqlite_master
 WHERE type = 'table' AND NOT name = 'sqlite_sequence'
[0m
  [4;36;1mSQL (0.0ms)[0m   [0;1mPRAGMA index_list("microposts")[0m
  [4;35;1mSQL (0.1ms)[0m   [0mPRAGMA index_list("users")[0m


Processing ApplicationController#index (for 127.0.0.1 at 2014-07-03 14:12:51) [GET]

ActionController::RoutingError (No route matches "/micropost" with {:method=>:get}):
  <internal:prelude>:10:in `synchronize'
  /Users/user/.rvm/rubies/ruby-1.9.3-p484/lib/ruby/1.9.1/webrick/httpserver.rb:138:in `service'
  /Users/user/.rvm/rubies/ruby-1.9.3-p484/lib/ruby/1.9.1/webrick/httpserver.rb:94:in `run'
  /Users/user/.rvm/rubies/ruby-1.9.3-p484/lib/ruby/1.9.1/webrick/server.rb:191:in `block in start_thread'

Rendering rescues/layout (not_found)


Processing ApplicationController#index (for 127.0.0.1 at 2014-07-03 14:12:56) [GET]

ActionController::RoutingError (No route matches "/user" with {:method=>:get}):
  <internal:prelude>:10:in `synchronize'
  /Users/user/.rvm/rubies/ruby-1.9.3-p484/lib/ruby/1.9.1/webrick/httpserver.rb:138:in `service'
  /Users/user/.rvm/rubies/ruby-1.9.3-p484/lib/ruby/1.9.1/webrick/httpserver.rb:94:in `run'
  /Users/user/.rvm/rubies/ruby-1.9.3-p484/lib/ruby/1.9.1/webrick/server.rb:191:in `block in start_thread'

Rendering rescues/layout (not_found)


Processing UsersController#index (for 127.0.0.1 at 2014-07-03 14:13:16) [GET]
  [4;36;1mUser Load (0.8ms)[0m   [0;1mSELECT * FROM "users" [0m
Rendering template within layouts/users
Rendering users/index
Completed in 60ms (View: 56, DB: 1) | 200 OK [http://0.0.0.0/users]


Processing MicropostsController#index (for 127.0.0.1 at 2014-07-03 14:13:24) [GET]
  [4;35;1mMicropost Load (0.2ms)[0m   [0mSELECT * FROM "microposts" [0m
Rendering template within layouts/microposts
Rendering microposts/index
Completed in 32ms (View: 9, DB: 0) | 200 OK [http://0.0.0.0/microposts]


Processing MicropostsController#new (for 127.0.0.1 at 2014-07-03 14:14:16) [GET]
Rendering template within layouts/microposts
Rendering microposts/new
Completed in 20ms (View: 14, DB: 0) | 200 OK [http://0.0.0.0/microposts/new]


Processing MicropostsController#create (for 127.0.0.1 at 2014-07-03 14:14:21) [POST]
  Parameters: {"authenticity_token"=>"9gDiJWLE8pxCARfBk1oX3Rml2Oz7TErecoO6OWBqVRo=", "micropost"=>{"content"=>"asdf", "user_id"=>"kavin"}, "commit"=>"Create"}
  [4;36;1mMicropost Create (0.3ms)[0m   [0;1mINSERT INTO "microposts" ("content", "user_id", "created_at", "updated_at") VALUES('asdf', 0, '2014-07-03 08:44:21', '2014-07-03 08:44:21')[0m
Redirected to http://0.0.0.0:3000/microposts/1
Completed in 8ms (DB: 0) | 302 Found [http://0.0.0.0/microposts]


Processing MicropostsController#show (for 127.0.0.1 at 2014-07-03 14:14:21) [GET]
  Parameters: {"id"=>"1"}
  [4;35;1mMicropost Load (0.2ms)[0m   [0mSELECT * FROM "microposts" WHERE ("microposts"."id" = 1) [0m
Rendering template within layouts/microposts
Rendering microposts/show
Completed in 16ms (View: 9, DB: 0) | 200 OK [http://0.0.0.0/microposts/1]


Processing MicropostsController#edit (for 127.0.0.1 at 2014-07-03 14:14:27) [GET]
  Parameters: {"id"=>"1"}
  [4;36;1mMicropost Load (0.1ms)[0m   [0;1mSELECT * FROM "microposts" WHERE ("microposts"."id" = 1) [0m
Rendering template within layouts/microposts
Rendering microposts/edit
Completed in 15ms (View: 10, DB: 0) | 200 OK [http://0.0.0.0/microposts/1/edit]


Processing MicropostsController#update (for 127.0.0.1 at 2014-07-03 14:14:32) [PUT]
  Parameters: {"authenticity_token"=>"9gDiJWLE8pxCARfBk1oX3Rml2Oz7TErecoO6OWBqVRo=", "micropost"=>{"content"=>"asdf", "user_id"=>"02"}, "commit"=>"Update", "id"=>"1"}
  [4;35;1mMicropost Load (0.1ms)[0m   [0mSELECT * FROM "microposts" WHERE ("microposts"."id" = 1) [0m
  [4;36;1mMicropost Update (0.3ms)[0m   [0;1mUPDATE "microposts" SET "user_id" = 2, "updated_at" = '2014-07-03 08:44:32' WHERE "id" = 1[0m
Redirected to http://0.0.0.0:3000/microposts/1
Completed in 8ms (DB: 0) | 302 Found [http://0.0.0.0/microposts/1]


Processing MicropostsController#show (for 127.0.0.1 at 2014-07-03 14:14:32) [GET]
  Parameters: {"id"=>"1"}
  [4;35;1mMicropost Load (0.1ms)[0m   [0mSELECT * FROM "microposts" WHERE ("microposts"."id" = 1) [0m
Rendering template within layouts/microposts
Rendering microposts/show
Completed in 6ms (View: 2, DB: 0) | 200 OK [http://0.0.0.0/microposts/1]


Processing MicropostsController#edit (for 127.0.0.1 at 2014-07-03 14:14:34) [GET]
  Parameters: {"id"=>"1"}
  [4;36;1mMicropost Load (0.1ms)[0m   [0;1mSELECT * FROM "microposts" WHERE ("microposts"."id" = 1) [0m
Rendering template within layouts/microposts
Rendering microposts/edit
Completed in 12ms (View: 7, DB: 0) | 200 OK [http://0.0.0.0/microposts/1/edit]


Processing MicropostsController#update (for 127.0.0.1 at 2014-07-03 14:14:37) [PUT]
  Parameters: {"authenticity_token"=>"9gDiJWLE8pxCARfBk1oX3Rml2Oz7TErecoO6OWBqVRo=", "micropost"=>{"content"=>"asdf", "user_id"=>"sdfg"}, "commit"=>"Update", "id"=>"1"}
  [4;35;1mMicropost Load (0.3ms)[0m   [0mSELECT * FROM "microposts" WHERE ("microposts"."id" = 1) [0m
  [4;36;1mMicropost Update (0.3ms)[0m   [0;1mUPDATE "microposts" SET "user_id" = 0, "updated_at" = '2014-07-03 08:44:37' WHERE "id" = 1[0m
Redirected to http://0.0.0.0:3000/microposts/1
Completed in 10ms (DB: 1) | 302 Found [http://0.0.0.0/microposts/1]


Processing MicropostsController#show (for 127.0.0.1 at 2014-07-03 14:14:37) [GET]
  Parameters: {"id"=>"1"}
  [4;35;1mMicropost Load (0.1ms)[0m   [0mSELECT * FROM "microposts" WHERE ("microposts"."id" = 1) [0m
Rendering template within layouts/microposts
Rendering microposts/show
Completed in 22ms (View: 2, DB: 0) | 200 OK [http://0.0.0.0/microposts/1]


Processing MicropostsController#index (for 127.0.0.1 at 2014-07-03 14:14:38) [GET]
  [4;36;1mMicropost Load (0.4ms)[0m   [0;1mSELECT * FROM "microposts" [0m
Rendering template within layouts/microposts
Rendering microposts/index
Completed in 9ms (View: 5, DB: 0) | 200 OK [http://0.0.0.0/microposts]


Processing MicropostsController#new (for 127.0.0.1 at 2014-07-03 14:14:42) [GET]
Rendering template within layouts/microposts
Rendering microposts/new
Completed in 10ms (View: 5, DB: 0) | 200 OK [http://0.0.0.0/microposts/new]


Processing MicropostsController#create (for 127.0.0.1 at 2014-07-03 14:14:47) [POST]
  Parameters: {"authenticity_token"=>"9gDiJWLE8pxCARfBk1oX3Rml2Oz7TErecoO6OWBqVRo=", "micropost"=>{"content"=>"hi", "user_id"=>"2"}, "commit"=>"Create"}
  [4;35;1mMicropost Create (0.3ms)[0m   [0mINSERT INTO "microposts" ("content", "user_id", "created_at", "updated_at") VALUES('hi', 2, '2014-07-03 08:44:47', '2014-07-03 08:44:47')[0m
Redirected to http://0.0.0.0:3000/microposts/2
Completed in 9ms (DB: 0) | 302 Found [http://0.0.0.0/microposts]


Processing MicropostsController#show (for 127.0.0.1 at 2014-07-03 14:14:47) [GET]
  Parameters: {"id"=>"2"}
  [4;36;1mMicropost Load (0.1ms)[0m   [0;1mSELECT * FROM "microposts" WHERE ("microposts"."id" = 2) [0m
Rendering template within layouts/microposts
Rendering microposts/show
Completed in 7ms (View: 2, DB: 0) | 200 OK [http://0.0.0.0/microposts/2]


Processing MicropostsController#index (for 127.0.0.1 at 2014-07-03 14:14:49) [GET]
  [4;35;1mMicropost Load (0.3ms)[0m   [0mSELECT * FROM "microposts" [0m
Rendering template within layouts/microposts
Rendering microposts/index
Completed in 8ms (View: 5, DB: 0) | 200 OK [http://0.0.0.0/microposts]


Processing MicropostsController#index (for 127.0.0.1 at 2014-07-03 14:26:03) [GET]
  [4;36;1mMicropost Load (0.4ms)[0m   [0;1mSELECT * FROM "microposts" [0m
Rendering template within layouts/microposts
Rendering microposts/index
Completed in 8ms (View: 4, DB: 0) | 200 OK [http://0.0.0.0/microposts]


Processing MicropostsController#new (for 127.0.0.1 at 2014-07-03 14:26:05) [GET]
Rendering template within layouts/microposts
Rendering microposts/new
Completed in 10ms (View: 5, DB: 0) | 200 OK [http://0.0.0.0/microposts/new]


Processing MicropostsController#create (for 127.0.0.1 at 2014-07-03 14:26:32) [POST]
  Parameters: {"authenticity_token"=>"9gDiJWLE8pxCARfBk1oX3Rml2Oz7TErecoO6OWBqVRo=", "micropost"=>{"content"=>"qqqqqqqqqqqqqqqqqqqqqqqqqqqqqqqqqqqqqqqqqqqqqqqqqqqqqqqqqqqqqqqqqqqqqqqqqqqqqqqqqqqqqqqqqqqqqqqqqqqqqqqqqqqqqqqqqqqqqqqqqqqqqqqqqqqqqqqqqqqq", "user_id"=>"3"}, "commit"=>"Create"}
  [4;35;1mMicropost Create (0.3ms)[0m   [0mINSERT INTO "microposts" ("content", "user_id", "created_at", "updated_at") VALUES('qqqqqqqqqqqqqqqqqqqqqqqqqqqqqqqqqqqqqqqqqqqqqqqqqqqqqqqqqqqqqqqqqqqqqqqqqqqqqqqqqqqqqqqqqqqqqqqqqqqqqqqqqqqqqqqqqqqqqqqqqqqqqqqqqqqqqqqqqqqq', 3, '2014-07-03 08:56:32', '2014-07-03 08:56:32')[0m
Redirected to http://0.0.0.0:3000/microposts/3
Completed in 9ms (DB: 0) | 302 Found [http://0.0.0.0/microposts]


Processing MicropostsController#show (for 127.0.0.1 at 2014-07-03 14:26:32) [GET]
  Parameters: {"id"=>"3"}
  [4;36;1mMicropost Load (0.2ms)[0m   [0;1mSELECT * FROM "microposts" WHERE ("microposts"."id" = 3) [0m
Rendering template within layouts/microposts
Rendering microposts/show
Completed in 7ms (View: 2, DB: 0) | 200 OK [http://0.0.0.0/microposts/3]


Processing MicropostsController#index (for 127.0.0.1 at 2014-07-03 14:26:36) [GET]
  [4;35;1mMicropost Load (0.5ms)[0m   [0mSELECT * FROM "microposts" [0m
Rendering template within layouts/microposts
Rendering microposts/index
Completed in 9ms (View: 5, DB: 1) | 200 OK [http://0.0.0.0/microposts]


Processing MicropostsController#new (for 127.0.0.1 at 2014-07-03 14:26:37) [GET]
Rendering template within layouts/microposts
Rendering microposts/new
Completed in 11ms (View: 6, DB: 0) | 200 OK [http://0.0.0.0/microposts/new]


Processing MicropostsController#create (for 127.0.0.1 at 2014-07-03 14:26:44) [POST]
  Parameters: {"authenticity_token"=>"9gDiJWLE8pxCARfBk1oX3Rml2Oz7TErecoO6OWBqVRo=", "micropost"=>{"content"=>"qqqqqqqqqqqqqqqqqqqqqqqqqqqqqqqqqqqqqqqqqqqqqqqqqqqqqqqqqqqqqqqqqqqqqqqqqqqqqqqqqqqqqqqqqqqqqqqqqqqqqqqqqqqqqqqqqqqqqqqqqqqqqqqqqqqqqqqqqqqq1", "user_id"=>"5"}, "commit"=>"Create"}
Rendering template within layouts/microposts
Rendering microposts/new
Completed in 14ms (View: 7, DB: 0) | 200 OK [http://0.0.0.0/microposts]


Processing MicropostsController#create (for 127.0.0.1 at 2014-07-03 14:38:41) [POST]
  Parameters: {"authenticity_token"=>"9gDiJWLE8pxCARfBk1oX3Rml2Oz7TErecoO6OWBqVRo=", "micropost"=>{"content"=>"qqqqqqqqqqqqqqqqqqqqqqqqqqqqqqqqqqqqqqqqqqqqqqqqqqqqqqqqqqqqqqqqqqqqqqqqqqqqqqqqqqqqqqqqqqqqqqqqqqqqqqqqqqqqqqqqqqqqqqqqqqqq", "user_id"=>"1"}, "commit"=>"Create"}
  [4;36;1mMicropost Create (0.3ms)[0m   [0;1mINSERT INTO "microposts" ("content", "user_id", "created_at", "updated_at") VALUES('qqqqqqqqqqqqqqqqqqqqqqqqqqqqqqqqqqqqqqqqqqqqqqqqqqqqqqqqqqqqqqqqqqqqqqqqqqqqqqqqqqqqqqqqqqqqqqqqqqqqqqqqqqqqqqqqqqqqqqqqqqqq', 1, '2014-07-03 09:08:41', '2014-07-03 09:08:41')[0m
Redirected to http://0.0.0.0:3000/microposts/4
Completed in 8ms (DB: 0) | 302 Found [http://0.0.0.0/microposts]


Processing MicropostsController#show (for 127.0.0.1 at 2014-07-03 14:38:41) [GET]
  Parameters: {"id"=>"4"}
  [4;35;1mMicropost Load (0.2ms)[0m   [0mSELECT * FROM "microposts" WHERE ("microposts"."id" = 4) [0m
Rendering template within layouts/microposts
Rendering microposts/show
Completed in 6ms (View: 2, DB: 0) | 200 OK [http://0.0.0.0/microposts/4]


Processing MicropostsController#edit (for 127.0.0.1 at 2014-07-03 14:38:43) [GET]
  Parameters: {"id"=>"4"}
  [4;36;1mMicropost Load (0.1ms)[0m   [0;1mSELECT * FROM "microposts" WHERE ("microposts"."id" = 4) [0m
Rendering template within layouts/microposts
Rendering microposts/edit
Completed in 11ms (View: 7, DB: 0) | 200 OK [http://0.0.0.0/microposts/4/edit]


Processing MicropostsController#show (for 127.0.0.1 at 2014-07-03 14:38:45) [GET]
  Parameters: {"id"=>"4"}
  [4;35;1mMicropost Load (0.2ms)[0m   [0mSELECT * FROM "microposts" WHERE ("microposts"."id" = 4) [0m
Rendering template within layouts/microposts
Rendering microposts/show
Completed in 23ms (View: 2, DB: 0) | 200 OK [http://0.0.0.0/microposts/4]


Processing MicropostsController#index (for 127.0.0.1 at 2014-07-03 14:38:47) [GET]
  [4;36;1mMicropost Load (0.4ms)[0m   [0;1mSELECT * FROM "microposts" [0m
Rendering template within layouts/microposts
Rendering microposts/index
Completed in 9ms (View: 5, DB: 0) | 200 OK [http://0.0.0.0/microposts]


Processing MicropostsController#new (for 127.0.0.1 at 2014-07-03 14:38:52) [GET]
Rendering template within layouts/microposts
Rendering microposts/new
Completed in 10ms (View: 5, DB: 0) | 200 OK [http://0.0.0.0/microposts/new]


Processing MicropostsController#create (for 127.0.0.1 at 2014-07-03 14:38:57) [POST]
  Parameters: {"authenticity_token"=>"9gDiJWLE8pxCARfBk1oX3Rml2Oz7TErecoO6OWBqVRo=", "micropost"=>{"content"=>"qq", "user_id"=>"1"}, "commit"=>"Create"}
  [4;35;1mMicropost Create (0.4ms)[0m   [0mINSERT INTO "microposts" ("content", "user_id", "created_at", "updated_at") VALUES('qq', 1, '2014-07-03 09:08:57', '2014-07-03 09:08:57')[0m
Redirected to http://0.0.0.0:3000/microposts/5
Completed in 9ms (DB: 0) | 302 Found [http://0.0.0.0/microposts]


Processing MicropostsController#show (for 127.0.0.1 at 2014-07-03 14:38:57) [GET]
  Parameters: {"id"=>"5"}
  [4;36;1mMicropost Load (0.1ms)[0m   [0;1mSELECT * FROM "microposts" WHERE ("microposts"."id" = 5) [0m
Rendering template within layouts/microposts
Rendering microposts/show
Completed in 7ms (View: 2, DB: 0) | 200 OK [http://0.0.0.0/microposts/5]


Processing MicropostsController#index (for 127.0.0.1 at 2014-07-03 14:38:59) [GET]
  [4;35;1mMicropost Load (0.4ms)[0m   [0mSELECT * FROM "microposts" [0m
Rendering template within layouts/microposts
Rendering microposts/index
Completed in 11ms (View: 6, DB: 0) | 200 OK [http://0.0.0.0/microposts]
  [4;36;1mUser Load (0.5ms)[0m   [0;1mSELECT * FROM "users" LIMIT 1[0m
  [4;35;1mMicropost Load (0.3ms)[0m   [0mSELECT * FROM "microposts" WHERE ("microposts".user_id = 1) [0m
